<?xml version="1.0" encoding="UTF-8"?>
<testng-results skipped="0" failed="1" ignored="0" total="2" passed="1">
  <reporter-output>
  </reporter-output>
  <suite name="Default suite" duration-ms="10287" started-at="2017-08-09T14:04:55Z" finished-at="2017-08-09T14:05:05Z">
    <groups>
    </groups>
    <test name="Default test" duration-ms="10287" started-at="2017-08-09T14:04:55Z" finished-at="2017-08-09T14:05:05Z">
      <class name="com.testng.dataprovider.email.Mail">
        <test-method status="PASS" signature="setData()[pri:0, instance:com.testng.dataprovider.email.Mail@4f7d0008]" name="setData" is-config="true" duration-ms="383" started-at="2017-08-09T19:34:55Z" finished-at="2017-08-09T19:34:55Z">
          <reporter-output>
          </reporter-output>
        </test-method> <!-- setData -->
        <test-method status="PASS" signature="login()[pri:0, instance:com.testng.dataprovider.email.Mail@4f7d0008]" name="login" is-config="true" duration-ms="10249" started-at="2017-08-09T19:34:55Z" finished-at="2017-08-09T19:35:05Z">
          <reporter-output>
          </reporter-output>
        </test-method> <!-- login -->
        <test-method status="FAIL" signature="sendMail(com.testng.dataprovider.email.MailMetaData)[pri:0, instance:com.testng.dataprovider.email.Mail@4f7d0008]" name="sendMail" duration-ms="6" started-at="2017-08-09T19:35:05Z" data-provider="getMailList" finished-at="2017-08-09T19:35:05Z">
          <params>
            <param index="0">
              <value is-null="true"/>
            </param>
          </params>
          <exception class="java.lang.NullPointerException">
            <full-stacktrace>
              <![CDATA[java.lang.NullPointerException
	at com.testng.dataprovider.email.Mail.sendMail(Mail.java:44)
	at sun.reflect.NativeMethodAccessorImpl.invoke0(Native Method)
	at sun.reflect.NativeMethodAccessorImpl.invoke(NativeMethodAccessorImpl.java:62)
	at sun.reflect.DelegatingMethodAccessorImpl.invoke(DelegatingMethodAccessorImpl.java:43)
	at java.lang.reflect.Method.invoke(Method.java:498)
	at org.testng.internal.MethodInvocationHelper.invokeMethod(MethodInvocationHelper.java:104)
	at org.testng.internal.Invoker.invokeMethod(Invoker.java:645)
	at org.testng.internal.Invoker.invokeTestMethod(Invoker.java:851)
	at org.testng.internal.Invoker.invokeTestMethods(Invoker.java:1177)
	at org.testng.internal.TestMethodWorker.invokeTestMethods(TestMethodWorker.java:129)
	at org.testng.internal.TestMethodWorker.run(TestMethodWorker.java:112)
	at org.testng.TestRunner.privateRun(TestRunner.java:756)
	at org.testng.TestRunner.run(TestRunner.java:610)
	at org.testng.SuiteRunner.runTest(SuiteRunner.java:387)
	at org.testng.SuiteRunner.runSequentially(SuiteRunner.java:382)
	at org.testng.SuiteRunner.privateRun(SuiteRunner.java:340)
	at org.testng.SuiteRunner.run(SuiteRunner.java:289)
	at org.testng.SuiteRunnerWorker.runSuite(SuiteRunnerWorker.java:52)
	at org.testng.SuiteRunnerWorker.run(SuiteRunnerWorker.java:86)
	at org.testng.TestNG.runSuitesSequentially(TestNG.java:1293)
	at org.testng.TestNG.runSuitesLocally(TestNG.java:1218)
	at org.testng.TestNG.runSuites(TestNG.java:1133)
	at org.testng.TestNG.run(TestNG.java:1104)
	at org.testng.remote.AbstractRemoteTestNG.run(AbstractRemoteTestNG.java:132)
	at org.testng.remote.RemoteTestNG.initAndRun(RemoteTestNG.java:230)
	at org.testng.remote.RemoteTestNG.main(RemoteTestNG.java:76)
]]>
            </full-stacktrace>
          </exception> <!-- java.lang.NullPointerException -->
          <reporter-output>
          </reporter-output>
        </test-method> <!-- sendMail -->
        <test-method status="PASS" signature="sendMail(com.testng.dataprovider.email.MailMetaData)[pri:0, instance:com.testng.dataprovider.email.Mail@4f7d0008]" name="sendMail" duration-ms="1" started-at="2017-08-09T19:35:05Z" data-provider="getMailList" finished-at="2017-08-09T19:35:05Z">
          <params>
            <param index="0">
              <value>
                <![CDATA[MailMetaData [from=parasporwal@qainfotech.com, to=mayankchauhan@qainfotech.com, subject=TestMail, body=Hi, This is automated test mail.]]]>
              </value>
            </param>
          </params>
          <reporter-output>
          </reporter-output>
        </test-method> <!-- sendMail -->
      </class> <!-- com.testng.dataprovider.email.Mail -->
    </test> <!-- Default test -->
  </suite> <!-- Default suite -->
</testng-results>
